{"C:\\Users\\mika1\\Desktop\\SW-Eng\\SW-Exam\\Backend\\app.js": {"path":"C:\\Users\\mika1\\Desktop\\SW-Eng\\SW-Exam\\Backend\\app.js","statementMap":{"0":{"start":{"line":1,"column":0},"end":{"line":1,"column":27}},"1":{"start":{"line":2,"column":16},"end":{"line":2,"column":34}},"2":{"start":{"line":3,"column":17},"end":{"line":3,"column":36}},"3":{"start":{"line":4,"column":13},"end":{"line":4,"column":28}},"4":{"start":{"line":5,"column":18},"end":{"line":5,"column":40}},"5":{"start":{"line":6,"column":25},"end":{"line":6,"column":65}},"6":{"start":{"line":7,"column":24},"end":{"line":7,"column":60}},"7":{"start":{"line":8,"column":19},"end":{"line":8,"column":50}},"8":{"start":{"line":11,"column":12},"end":{"line":11,"column":21}},"9":{"start":{"line":13,"column":0},"end":{"line":13,"column":12}},"10":{"start":{"line":16,"column":0},"end":{"line":16,"column":16}},"11":{"start":{"line":17,"column":0},"end":{"line":17,"column":24}},"12":{"start":{"line":19,"column":0},"end":{"line":19,"column":40}},"13":{"start":{"line":21,"column":0},"end":{"line":21,"column":53}},"14":{"start":{"line":21,"column":27},"end":{"line":21,"column":51}},"15":{"start":{"line":23,"column":0},"end":{"line":23,"column":43}},"16":{"start":{"line":24,"column":0},"end":{"line":24,"column":34}},"17":{"start":{"line":26,"column":0},"end":{"line":26,"column":42}},"18":{"start":{"line":27,"column":0},"end":{"line":27,"column":39}},"19":{"start":{"line":29,"column":0},"end":{"line":29,"column":21}}},"fnMap":{"0":{"name":"(anonymous_0)","decl":{"start":{"line":21,"column":13},"end":{"line":21,"column":14}},"loc":{"start":{"line":21,"column":27},"end":{"line":21,"column":51}},"line":21}},"branchMap":{},"s":{"0":1,"1":1,"2":1,"3":1,"4":1,"5":1,"6":1,"7":1,"8":1,"9":1,"10":1,"11":1,"12":1,"13":1,"14":0,"15":1,"16":1,"17":1,"18":1,"19":1},"f":{"0":0},"b":{},"_coverageSchema":"1a1c01bbd47fc00a2c39e90264f33305004495a9","hash":"10d713a12f3154252f4e8d2e6fb14b192a9e8048"}
,"C:\\Users\\mika1\\Desktop\\SW-Eng\\SW-Exam\\Backend\\config\\db.js": {"path":"C:\\Users\\mika1\\Desktop\\SW-Eng\\SW-Exam\\Backend\\config\\db.js","statementMap":{"0":{"start":{"line":1,"column":17},"end":{"line":1,"column":36}},"1":{"start":{"line":3,"column":18},"end":{"line":11,"column":1}},"2":{"start":{"line":4,"column":2},"end":{"line":10,"column":3}},"3":{"start":{"line":5,"column":17},"end":{"line":5,"column":62}},"4":{"start":{"line":6,"column":4},"end":{"line":6,"column":62}},"5":{"start":{"line":8,"column":4},"end":{"line":8,"column":23}},"6":{"start":{"line":9,"column":4},"end":{"line":9,"column":20}},"7":{"start":{"line":13,"column":0},"end":{"line":13,"column":27}}},"fnMap":{"0":{"name":"(anonymous_0)","decl":{"start":{"line":3,"column":18},"end":{"line":3,"column":19}},"loc":{"start":{"line":3,"column":30},"end":{"line":11,"column":1}},"line":3}},"branchMap":{},"s":{"0":1,"1":1,"2":1,"3":1,"4":1,"5":0,"6":0,"7":1},"f":{"0":1},"b":{},"_coverageSchema":"1a1c01bbd47fc00a2c39e90264f33305004495a9","hash":"53e6bc57813e80c9661e8ec161c53ae659ab4363"}
,"C:\\Users\\mika1\\Desktop\\SW-Eng\\SW-Exam\\Backend\\controllers\\inventoryController.js": {"path":"C:\\Users\\mika1\\Desktop\\SW-Eng\\SW-Exam\\Backend\\controllers\\inventoryController.js","statementMap":{"0":{"start":{"line":1,"column":18},"end":{"line":1,"column":53}},"1":{"start":{"line":4,"column":24},"end":{"line":18,"column":1}},"2":{"start":{"line":5,"column":2},"end":{"line":17,"column":3}},"3":{"start":{"line":6,"column":51},"end":{"line":6,"column":59}},"4":{"start":{"line":7,"column":22},"end":{"line":12,"column":6}},"5":{"start":{"line":13,"column":4},"end":{"line":13,"column":36}},"6":{"start":{"line":15,"column":4},"end":{"line":15,"column":23}},"7":{"start":{"line":16,"column":4},"end":{"line":16,"column":52}},"8":{"start":{"line":21,"column":21},"end":{"line":29,"column":1}},"9":{"start":{"line":22,"column":2},"end":{"line":28,"column":3}},"10":{"start":{"line":23,"column":22},"end":{"line":23,"column":44}},"11":{"start":{"line":24,"column":4},"end":{"line":24,"column":36}},"12":{"start":{"line":26,"column":4},"end":{"line":26,"column":23}},"13":{"start":{"line":27,"column":4},"end":{"line":27,"column":52}},"14":{"start":{"line":32,"column":25},"end":{"line":40,"column":1}},"15":{"start":{"line":33,"column":2},"end":{"line":39,"column":3}},"16":{"start":{"line":34,"column":22},"end":{"line":34,"column":75}},"17":{"start":{"line":35,"column":4},"end":{"line":35,"column":36}},"18":{"start":{"line":37,"column":4},"end":{"line":37,"column":23}},"19":{"start":{"line":38,"column":4},"end":{"line":38,"column":52}},"20":{"start":{"line":43,"column":24},"end":{"line":59,"column":1}},"21":{"start":{"line":44,"column":13},"end":{"line":44,"column":26}},"22":{"start":{"line":45,"column":2},"end":{"line":58,"column":3}},"23":{"start":{"line":46,"column":22},"end":{"line":50,"column":5}},"24":{"start":{"line":52,"column":4},"end":{"line":54,"column":5}},"25":{"start":{"line":53,"column":6},"end":{"line":53,"column":38}},"26":{"start":{"line":56,"column":4},"end":{"line":56,"column":23}},"27":{"start":{"line":57,"column":4},"end":{"line":57,"column":52}},"28":{"start":{"line":62,"column":24},"end":{"line":70,"column":1}},"29":{"start":{"line":63,"column":2},"end":{"line":69,"column":3}},"30":{"start":{"line":64,"column":22},"end":{"line":64,"column":70}},"31":{"start":{"line":65,"column":4},"end":{"line":65,"column":36}},"32":{"start":{"line":67,"column":4},"end":{"line":67,"column":23}},"33":{"start":{"line":68,"column":4},"end":{"line":68,"column":52}},"34":{"start":{"line":72,"column":0},"end":{"line":78,"column":2}}},"fnMap":{"0":{"name":"(anonymous_0)","decl":{"start":{"line":4,"column":24},"end":{"line":4,"column":25}},"loc":{"start":{"line":4,"column":44},"end":{"line":18,"column":1}},"line":4},"1":{"name":"(anonymous_1)","decl":{"start":{"line":21,"column":21},"end":{"line":21,"column":22}},"loc":{"start":{"line":21,"column":41},"end":{"line":29,"column":1}},"line":21},"2":{"name":"(anonymous_2)","decl":{"start":{"line":32,"column":25},"end":{"line":32,"column":26}},"loc":{"start":{"line":32,"column":45},"end":{"line":40,"column":1}},"line":32},"3":{"name":"(anonymous_3)","decl":{"start":{"line":43,"column":24},"end":{"line":43,"column":25}},"loc":{"start":{"line":43,"column":44},"end":{"line":59,"column":1}},"line":43},"4":{"name":"(anonymous_4)","decl":{"start":{"line":62,"column":24},"end":{"line":62,"column":25}},"loc":{"start":{"line":62,"column":44},"end":{"line":70,"column":1}},"line":62}},"branchMap":{"0":{"loc":{"start":{"line":52,"column":4},"end":{"line":54,"column":5}},"type":"if","locations":[{"start":{"line":52,"column":4},"end":{"line":54,"column":5}},{"start":{},"end":{}}],"line":52}},"s":{"0":1,"1":1,"2":6,"3":6,"4":6,"5":6,"6":0,"7":0,"8":1,"9":1,"10":1,"11":1,"12":0,"13":0,"14":1,"15":1,"16":1,"17":1,"18":0,"19":0,"20":1,"21":1,"22":1,"23":1,"24":1,"25":1,"26":0,"27":0,"28":1,"29":1,"30":1,"31":1,"32":0,"33":0,"34":1},"f":{"0":6,"1":1,"2":1,"3":1,"4":1},"b":{"0":[1,0]},"_coverageSchema":"1a1c01bbd47fc00a2c39e90264f33305004495a9","hash":"6482aa53de251161ae5015a8cfa3f8768aeec2a3"}
,"C:\\Users\\mika1\\Desktop\\SW-Eng\\SW-Exam\\Backend\\controllers\\userController.js": {"path":"C:\\Users\\mika1\\Desktop\\SW-Eng\\SW-Exam\\Backend\\controllers\\userController.js","statementMap":{"0":{"start":{"line":1,"column":13},"end":{"line":1,"column":43}},"1":{"start":{"line":2,"column":12},"end":{"line":2,"column":35}},"2":{"start":{"line":3,"column":15},"end":{"line":3,"column":32}},"3":{"start":{"line":4,"column":29},"end":{"line":4,"column":49}},"4":{"start":{"line":6,"column":20},"end":{"line":8,"column":1}},"5":{"start":{"line":7,"column":2},"end":{"line":7,"column":68}},"6":{"start":{"line":11,"column":18},"end":{"line":31,"column":1}},"7":{"start":{"line":12,"column":30},"end":{"line":12,"column":38}},"8":{"start":{"line":14,"column":2},"end":{"line":16,"column":3}},"9":{"start":{"line":15,"column":4},"end":{"line":15,"column":72}},"10":{"start":{"line":17,"column":15},"end":{"line":17,"column":44}},"11":{"start":{"line":18,"column":2},"end":{"line":20,"column":3}},"12":{"start":{"line":19,"column":4},"end":{"line":19,"column":61}},"13":{"start":{"line":21,"column":24},"end":{"line":21,"column":69}},"14":{"start":{"line":22,"column":2},"end":{"line":24,"column":3}},"15":{"start":{"line":23,"column":4},"end":{"line":23,"column":63}},"16":{"start":{"line":25,"column":16},"end":{"line":25,"column":37}},"17":{"start":{"line":27,"column":2},"end":{"line":27,"column":56}},"18":{"start":{"line":34,"column":19},"end":{"line":62,"column":1}},"19":{"start":{"line":35,"column":70},"end":{"line":35,"column":78}},"20":{"start":{"line":36,"column":25},"end":{"line":36,"column":56}},"21":{"start":{"line":37,"column":2},"end":{"line":37,"column":30}},"22":{"start":{"line":39,"column":22},"end":{"line":41,"column":4}},"23":{"start":{"line":42,"column":2},"end":{"line":44,"column":3}},"24":{"start":{"line":43,"column":4},"end":{"line":43,"column":67}},"25":{"start":{"line":45,"column":24},"end":{"line":45,"column":50}},"26":{"start":{"line":46,"column":2},"end":{"line":48,"column":3}},"27":{"start":{"line":47,"column":4},"end":{"line":47,"column":74}},"28":{"start":{"line":49,"column":15},"end":{"line":56,"column":3}},"29":{"start":{"line":57,"column":16},"end":{"line":57,"column":37}},"30":{"start":{"line":58,"column":2},"end":{"line":58,"column":56}},"31":{"start":{"line":64,"column":0},"end":{"line":64,"column":43}}},"fnMap":{"0":{"name":"(anonymous_0)","decl":{"start":{"line":6,"column":20},"end":{"line":6,"column":21}},"loc":{"start":{"line":6,"column":29},"end":{"line":8,"column":1}},"line":6},"1":{"name":"(anonymous_1)","decl":{"start":{"line":11,"column":18},"end":{"line":11,"column":19}},"loc":{"start":{"line":11,"column":38},"end":{"line":31,"column":1}},"line":11},"2":{"name":"(anonymous_2)","decl":{"start":{"line":34,"column":19},"end":{"line":34,"column":20}},"loc":{"start":{"line":34,"column":39},"end":{"line":62,"column":1}},"line":34}},"branchMap":{"0":{"loc":{"start":{"line":14,"column":2},"end":{"line":16,"column":3}},"type":"if","locations":[{"start":{"line":14,"column":2},"end":{"line":16,"column":3}},{"start":{},"end":{}}],"line":14},"1":{"loc":{"start":{"line":14,"column":6},"end":{"line":14,"column":25}},"type":"binary-expr","locations":[{"start":{"line":14,"column":6},"end":{"line":14,"column":12}},{"start":{"line":14,"column":16},"end":{"line":14,"column":25}}],"line":14},"2":{"loc":{"start":{"line":18,"column":2},"end":{"line":20,"column":3}},"type":"if","locations":[{"start":{"line":18,"column":2},"end":{"line":20,"column":3}},{"start":{},"end":{}}],"line":18},"3":{"loc":{"start":{"line":22,"column":2},"end":{"line":24,"column":3}},"type":"if","locations":[{"start":{"line":22,"column":2},"end":{"line":24,"column":3}},{"start":{},"end":{}}],"line":22},"4":{"loc":{"start":{"line":42,"column":2},"end":{"line":44,"column":3}},"type":"if","locations":[{"start":{"line":42,"column":2},"end":{"line":44,"column":3}},{"start":{},"end":{}}],"line":42},"5":{"loc":{"start":{"line":46,"column":2},"end":{"line":48,"column":3}},"type":"if","locations":[{"start":{"line":46,"column":2},"end":{"line":48,"column":3}},{"start":{},"end":{}}],"line":46}},"s":{"0":1,"1":1,"2":1,"3":1,"4":1,"5":1,"6":1,"7":0,"8":0,"9":0,"10":0,"11":0,"12":0,"13":0,"14":0,"15":0,"16":0,"17":0,"18":1,"19":1,"20":1,"21":1,"22":1,"23":1,"24":0,"25":1,"26":1,"27":0,"28":1,"29":1,"30":1,"31":1},"f":{"0":1,"1":0,"2":1},"b":{"0":[0,0],"1":[0,0],"2":[0,0],"3":[0,0],"4":[0,1],"5":[0,1]},"_coverageSchema":"1a1c01bbd47fc00a2c39e90264f33305004495a9","hash":"6f051d9b13fb14c851d1a4e61f62859114e49a56"}
,"C:\\Users\\mika1\\Desktop\\SW-Eng\\SW-Exam\\Backend\\middleware\\customMiddleware.js": {"path":"C:\\Users\\mika1\\Desktop\\SW-Eng\\SW-Exam\\Backend\\middleware\\customMiddleware.js","statementMap":{"0":{"start":{"line":1,"column":22},"end":{"line":7,"column":1}},"1":{"start":{"line":2,"column":2},"end":{"line":2,"column":41}},"2":{"start":{"line":3,"column":2},"end":{"line":3,"column":39}},"3":{"start":{"line":4,"column":2},"end":{"line":4,"column":39}},"4":{"start":{"line":5,"column":2},"end":{"line":5,"column":21}},"5":{"start":{"line":6,"column":2},"end":{"line":6,"column":9}},"6":{"start":{"line":9,"column":24},"end":{"line":11,"column":1}},"7":{"start":{"line":10,"column":2},"end":{"line":10,"column":59}},"8":{"start":{"line":13,"column":21},"end":{"line":20,"column":1}},"9":{"start":{"line":14,"column":2},"end":{"line":14,"column":31}},"10":{"start":{"line":16,"column":2},"end":{"line":16,"column":23}},"11":{"start":{"line":17,"column":2},"end":{"line":19,"column":5}},"12":{"start":{"line":22,"column":0},"end":{"line":26,"column":2}}},"fnMap":{"0":{"name":"(anonymous_0)","decl":{"start":{"line":1,"column":22},"end":{"line":1,"column":23}},"loc":{"start":{"line":1,"column":51},"end":{"line":7,"column":1}},"line":1},"1":{"name":"(anonymous_1)","decl":{"start":{"line":9,"column":24},"end":{"line":9,"column":25}},"loc":{"start":{"line":9,"column":47},"end":{"line":11,"column":1}},"line":9},"2":{"name":"(anonymous_2)","decl":{"start":{"line":13,"column":21},"end":{"line":13,"column":22}},"loc":{"start":{"line":13,"column":57},"end":{"line":20,"column":1}},"line":13}},"branchMap":{},"s":{"0":1,"1":11,"2":11,"3":11,"4":11,"5":11,"6":1,"7":0,"8":1,"9":0,"10":0,"11":0,"12":1},"f":{"0":11,"1":0,"2":0},"b":{},"_coverageSchema":"1a1c01bbd47fc00a2c39e90264f33305004495a9","hash":"6736a0097317abcd9364b3a7b7c2c0b6a7707d46"}
,"C:\\Users\\mika1\\Desktop\\SW-Eng\\SW-Exam\\Backend\\middleware\\requireAuth.js": {"path":"C:\\Users\\mika1\\Desktop\\SW-Eng\\SW-Exam\\Backend\\middleware\\requireAuth.js","statementMap":{"0":{"start":{"line":1,"column":12},"end":{"line":1,"column":35}},"1":{"start":{"line":2,"column":13},"end":{"line":2,"column":43}},"2":{"start":{"line":4,"column":20},"end":{"line":23,"column":1}},"3":{"start":{"line":6,"column":28},"end":{"line":6,"column":39}},"4":{"start":{"line":8,"column":2},"end":{"line":10,"column":3}},"5":{"start":{"line":9,"column":4},"end":{"line":9,"column":75}},"6":{"start":{"line":12,"column":16},"end":{"line":12,"column":43}},"7":{"start":{"line":14,"column":2},"end":{"line":22,"column":3}},"8":{"start":{"line":15,"column":20},"end":{"line":15,"column":57}},"9":{"start":{"line":17,"column":4},"end":{"line":17,"column":57}},"10":{"start":{"line":18,"column":4},"end":{"line":18,"column":11}},"11":{"start":{"line":20,"column":4},"end":{"line":20,"column":23}},"12":{"start":{"line":21,"column":4},"end":{"line":21,"column":65}},"13":{"start":{"line":25,"column":0},"end":{"line":25,"column":29}}},"fnMap":{"0":{"name":"(anonymous_0)","decl":{"start":{"line":4,"column":20},"end":{"line":4,"column":21}},"loc":{"start":{"line":4,"column":46},"end":{"line":23,"column":1}},"line":4}},"branchMap":{"0":{"loc":{"start":{"line":8,"column":2},"end":{"line":10,"column":3}},"type":"if","locations":[{"start":{"line":8,"column":2},"end":{"line":10,"column":3}},{"start":{},"end":{}}],"line":8}},"s":{"0":1,"1":1,"2":1,"3":10,"4":10,"5":0,"6":10,"7":10,"8":10,"9":10,"10":10,"11":0,"12":0,"13":1},"f":{"0":10},"b":{"0":[0,10]},"_coverageSchema":"1a1c01bbd47fc00a2c39e90264f33305004495a9","hash":"c181ca8a8a15b8d6051aaa2e508422bac5bd777c"}
,"C:\\Users\\mika1\\Desktop\\SW-Eng\\SW-Exam\\Backend\\models\\inventoryModel.js": {"path":"C:\\Users\\mika1\\Desktop\\SW-Eng\\SW-Exam\\Backend\\models\\inventoryModel.js","statementMap":{"0":{"start":{"line":1,"column":17},"end":{"line":1,"column":36}},"1":{"start":{"line":3,"column":24},"end":{"line":11,"column":1}},"2":{"start":{"line":13,"column":0},"end":{"line":13,"column":62}}},"fnMap":{},"branchMap":{},"s":{"0":1,"1":1,"2":1},"f":{},"b":{},"_coverageSchema":"1a1c01bbd47fc00a2c39e90264f33305004495a9","hash":"a23368dc63b2635f224adbd3c361175641b88e5e"}
,"C:\\Users\\mika1\\Desktop\\SW-Eng\\SW-Exam\\Backend\\models\\userModel.js": {"path":"C:\\Users\\mika1\\Desktop\\SW-Eng\\SW-Exam\\Backend\\models\\userModel.js","statementMap":{"0":{"start":{"line":1,"column":17},"end":{"line":1,"column":36}},"1":{"start":{"line":2,"column":15},"end":{"line":2,"column":32}},"2":{"start":{"line":3,"column":18},"end":{"line":3,"column":38}},"3":{"start":{"line":5,"column":15},"end":{"line":5,"column":30}},"4":{"start":{"line":7,"column":19},"end":{"line":30,"column":2}},"5":{"start":{"line":33,"column":0},"end":{"line":57,"column":2}},"6":{"start":{"line":35,"column":2},"end":{"line":37,"column":3}},"7":{"start":{"line":36,"column":4},"end":{"line":36,"column":45}},"8":{"start":{"line":38,"column":2},"end":{"line":40,"column":3}},"9":{"start":{"line":39,"column":4},"end":{"line":39,"column":35}},"10":{"start":{"line":41,"column":2},"end":{"line":43,"column":3}},"11":{"start":{"line":42,"column":4},"end":{"line":42,"column":46}},"12":{"start":{"line":45,"column":17},"end":{"line":45,"column":46}},"13":{"start":{"line":47,"column":2},"end":{"line":49,"column":3}},"14":{"start":{"line":48,"column":4},"end":{"line":48,"column":40}},"15":{"start":{"line":51,"column":15},"end":{"line":51,"column":39}},"16":{"start":{"line":52,"column":15},"end":{"line":52,"column":48}},"17":{"start":{"line":54,"column":15},"end":{"line":54,"column":59}},"18":{"start":{"line":56,"column":2},"end":{"line":56,"column":14}},"19":{"start":{"line":60,"column":0},"end":{"line":76,"column":2}},"20":{"start":{"line":61,"column":2},"end":{"line":63,"column":3}},"21":{"start":{"line":62,"column":4},"end":{"line":62,"column":45}},"22":{"start":{"line":65,"column":15},"end":{"line":65,"column":44}},"23":{"start":{"line":66,"column":2},"end":{"line":68,"column":3}},"24":{"start":{"line":67,"column":4},"end":{"line":67,"column":35}},"25":{"start":{"line":70,"column":16},"end":{"line":70,"column":61}},"26":{"start":{"line":71,"column":2},"end":{"line":73,"column":3}},"27":{"start":{"line":72,"column":4},"end":{"line":72,"column":38}},"28":{"start":{"line":75,"column":2},"end":{"line":75,"column":14}},"29":{"start":{"line":78,"column":0},"end":{"line":78,"column":52}}},"fnMap":{"0":{"name":"(anonymous_0)","decl":{"start":{"line":33,"column":28},"end":{"line":33,"column":29}},"loc":{"start":{"line":33,"column":61},"end":{"line":57,"column":1}},"line":33},"1":{"name":"(anonymous_1)","decl":{"start":{"line":60,"column":27},"end":{"line":60,"column":28}},"loc":{"start":{"line":60,"column":60},"end":{"line":76,"column":1}},"line":60}},"branchMap":{"0":{"loc":{"start":{"line":35,"column":2},"end":{"line":37,"column":3}},"type":"if","locations":[{"start":{"line":35,"column":2},"end":{"line":37,"column":3}},{"start":{},"end":{}}],"line":35},"1":{"loc":{"start":{"line":35,"column":6},"end":{"line":35,"column":25}},"type":"binary-expr","locations":[{"start":{"line":35,"column":6},"end":{"line":35,"column":12}},{"start":{"line":35,"column":16},"end":{"line":35,"column":25}}],"line":35},"2":{"loc":{"start":{"line":38,"column":2},"end":{"line":40,"column":3}},"type":"if","locations":[{"start":{"line":38,"column":2},"end":{"line":40,"column":3}},{"start":{},"end":{}}],"line":38},"3":{"loc":{"start":{"line":41,"column":2},"end":{"line":43,"column":3}},"type":"if","locations":[{"start":{"line":41,"column":2},"end":{"line":43,"column":3}},{"start":{},"end":{}}],"line":41},"4":{"loc":{"start":{"line":47,"column":2},"end":{"line":49,"column":3}},"type":"if","locations":[{"start":{"line":47,"column":2},"end":{"line":49,"column":3}},{"start":{},"end":{}}],"line":47},"5":{"loc":{"start":{"line":61,"column":2},"end":{"line":63,"column":3}},"type":"if","locations":[{"start":{"line":61,"column":2},"end":{"line":63,"column":3}},{"start":{},"end":{}}],"line":61},"6":{"loc":{"start":{"line":61,"column":6},"end":{"line":61,"column":25}},"type":"binary-expr","locations":[{"start":{"line":61,"column":6},"end":{"line":61,"column":12}},{"start":{"line":61,"column":16},"end":{"line":61,"column":25}}],"line":61},"7":{"loc":{"start":{"line":66,"column":2},"end":{"line":68,"column":3}},"type":"if","locations":[{"start":{"line":66,"column":2},"end":{"line":68,"column":3}},{"start":{},"end":{}}],"line":66},"8":{"loc":{"start":{"line":71,"column":2},"end":{"line":73,"column":3}},"type":"if","locations":[{"start":{"line":71,"column":2},"end":{"line":73,"column":3}},{"start":{},"end":{}}],"line":71}},"s":{"0":1,"1":1,"2":1,"3":1,"4":1,"5":1,"6":1,"7":0,"8":1,"9":0,"10":1,"11":0,"12":1,"13":1,"14":0,"15":1,"16":1,"17":1,"18":1,"19":1,"20":0,"21":0,"22":0,"23":0,"24":0,"25":0,"26":0,"27":0,"28":0,"29":1},"f":{"0":1,"1":0},"b":{"0":[0,1],"1":[1,1],"2":[0,1],"3":[0,1],"4":[0,1],"5":[0,0],"6":[0,0],"7":[0,0],"8":[0,0]},"_coverageSchema":"1a1c01bbd47fc00a2c39e90264f33305004495a9","hash":"07d2c89b599271a632e87149d88fec33aba6a8b5"}
,"C:\\Users\\mika1\\Desktop\\SW-Eng\\SW-Exam\\Backend\\routers\\inventoryRouter.js": {"path":"C:\\Users\\mika1\\Desktop\\SW-Eng\\SW-Exam\\Backend\\routers\\inventoryRouter.js","statementMap":{"0":{"start":{"line":1,"column":16},"end":{"line":1,"column":34}},"1":{"start":{"line":2,"column":15},"end":{"line":2,"column":31}},"2":{"start":{"line":9,"column":4},"end":{"line":9,"column":49}},"3":{"start":{"line":10,"column":20},"end":{"line":10,"column":56}},"4":{"start":{"line":13,"column":0},"end":{"line":13,"column":24}},"5":{"start":{"line":16,"column":0},"end":{"line":16,"column":30}},"6":{"start":{"line":19,"column":0},"end":{"line":19,"column":34}},"7":{"start":{"line":22,"column":0},"end":{"line":22,"column":37}},"8":{"start":{"line":25,"column":0},"end":{"line":25,"column":39}},"9":{"start":{"line":28,"column":0},"end":{"line":28,"column":36}},"10":{"start":{"line":30,"column":0},"end":{"line":30,"column":24}}},"fnMap":{},"branchMap":{},"s":{"0":1,"1":1,"2":1,"3":1,"4":1,"5":1,"6":1,"7":1,"8":1,"9":1,"10":1},"f":{},"b":{},"_coverageSchema":"1a1c01bbd47fc00a2c39e90264f33305004495a9","hash":"2d734e0b602ae94272eb28d3111850172758b417"}
,"C:\\Users\\mika1\\Desktop\\SW-Eng\\SW-Exam\\Backend\\routers\\userRouter.js": {"path":"C:\\Users\\mika1\\Desktop\\SW-Eng\\SW-Exam\\Backend\\routers\\userRouter.js","statementMap":{"0":{"start":{"line":1,"column":16},"end":{"line":1,"column":34}},"1":{"start":{"line":2,"column":15},"end":{"line":2,"column":31}},"2":{"start":{"line":7,"column":4},"end":{"line":7,"column":44}},"3":{"start":{"line":10,"column":0},"end":{"line":10,"column":33}},"4":{"start":{"line":13,"column":0},"end":{"line":13,"column":35}},"5":{"start":{"line":15,"column":0},"end":{"line":15,"column":24}}},"fnMap":{},"branchMap":{},"s":{"0":1,"1":1,"2":1,"3":1,"4":1,"5":1},"f":{},"b":{},"_coverageSchema":"1a1c01bbd47fc00a2c39e90264f33305004495a9","hash":"c807910c05dde28ab242582e8e098ad3fe076244"}
}
